2020-05-15 09:52:22.211 [main] WARN  c.a.cloud.nacos.client.NacosPropertySourceBuilder - Ignore the empty nacos configuration and get it based on dataId[null.properties] & group[DEFAULT_GROUP]
2020-05-15 09:52:25.232 [main] WARN  o.s.c.netflix.archaius.ArchaiusAutoConfiguration - No spring.application.name found, defaulting to 'application'
2020-05-15 09:52:25.241 [main] WARN  com.netflix.config.sources.URLConfigurationSource - No URLs will be polled as dynamic configuration sources.
2020-05-15 09:52:25.251 [main] WARN  com.netflix.config.sources.URLConfigurationSource - No URLs will be polled as dynamic configuration sources.
2020-05-15 10:01:56.825 [main] WARN  c.a.cloud.nacos.client.NacosPropertySourceBuilder - Ignore the empty nacos configuration and get it based on dataId[null.properties] & group[DEFAULT_GROUP]
2020-05-15 10:01:59.358 [main] WARN  o.s.c.netflix.archaius.ArchaiusAutoConfiguration - No spring.application.name found, defaulting to 'application'
2020-05-15 10:01:59.365 [main] WARN  com.netflix.config.sources.URLConfigurationSource - No URLs will be polled as dynamic configuration sources.
2020-05-15 10:01:59.374 [main] WARN  com.netflix.config.sources.URLConfigurationSource - No URLs will be polled as dynamic configuration sources.
2020-05-15 10:08:09.796 [main] WARN  c.a.cloud.nacos.client.NacosPropertySourceBuilder - Ignore the empty nacos configuration and get it based on dataId[null.properties] & group[DEFAULT_GROUP]
2020-05-15 10:08:12.609 [main] WARN  o.s.c.netflix.archaius.ArchaiusAutoConfiguration - No spring.application.name found, defaulting to 'application'
2020-05-15 10:08:12.616 [main] WARN  com.netflix.config.sources.URLConfigurationSource - No URLs will be polled as dynamic configuration sources.
2020-05-15 10:08:12.626 [main] WARN  com.netflix.config.sources.URLConfigurationSource - No URLs will be polled as dynamic configuration sources.
2020-05-15 10:16:08.067 [main] WARN  c.a.cloud.nacos.client.NacosPropertySourceBuilder - Ignore the empty nacos configuration and get it based on dataId[null.properties] & group[DEFAULT_GROUP]
2020-05-15 10:16:11.837 [main] WARN  o.s.c.netflix.archaius.ArchaiusAutoConfiguration - No spring.application.name found, defaulting to 'application'
2020-05-15 10:16:11.852 [main] WARN  com.netflix.config.sources.URLConfigurationSource - No URLs will be polled as dynamic configuration sources.
2020-05-15 10:16:11.861 [main] WARN  com.netflix.config.sources.URLConfigurationSource - No URLs will be polled as dynamic configuration sources.
2020-05-15 10:16:33.323 [main] WARN  c.a.cloud.nacos.client.NacosPropertySourceBuilder - Ignore the empty nacos configuration and get it based on dataId[null.properties] & group[DEFAULT_GROUP]
2020-05-15 10:16:35.814 [main] WARN  o.s.c.netflix.archaius.ArchaiusAutoConfiguration - No spring.application.name found, defaulting to 'application'
2020-05-15 10:16:35.821 [main] WARN  com.netflix.config.sources.URLConfigurationSource - No URLs will be polled as dynamic configuration sources.
2020-05-15 10:16:35.838 [main] WARN  com.netflix.config.sources.URLConfigurationSource - No URLs will be polled as dynamic configuration sources.
2020-05-15 10:19:31.303 [main] WARN  c.a.cloud.nacos.client.NacosPropertySourceBuilder - Ignore the empty nacos configuration and get it based on dataId[null.properties] & group[DEFAULT_GROUP]
2020-05-15 10:19:33.722 [main] WARN  o.s.c.netflix.archaius.ArchaiusAutoConfiguration - No spring.application.name found, defaulting to 'application'
2020-05-15 10:19:33.730 [main] WARN  com.netflix.config.sources.URLConfigurationSource - No URLs will be polled as dynamic configuration sources.
2020-05-15 10:19:33.738 [main] WARN  com.netflix.config.sources.URLConfigurationSource - No URLs will be polled as dynamic configuration sources.
2020-05-15 10:20:26.054 [main] WARN  c.a.cloud.nacos.client.NacosPropertySourceBuilder - Ignore the empty nacos configuration and get it based on dataId[null.properties] & group[DEFAULT_GROUP]
2020-05-15 10:20:28.292 [main] WARN  o.s.c.netflix.archaius.ArchaiusAutoConfiguration - No spring.application.name found, defaulting to 'application'
2020-05-15 10:20:28.300 [main] WARN  com.netflix.config.sources.URLConfigurationSource - No URLs will be polled as dynamic configuration sources.
2020-05-15 10:20:28.308 [main] WARN  com.netflix.config.sources.URLConfigurationSource - No URLs will be polled as dynamic configuration sources.
2020-05-15 10:21:38.988 [main] WARN  c.a.cloud.nacos.client.NacosPropertySourceBuilder - Ignore the empty nacos configuration and get it based on dataId[null.properties] & group[DEFAULT_GROUP]
2020-05-15 10:21:41.200 [main] WARN  o.s.c.netflix.archaius.ArchaiusAutoConfiguration - No spring.application.name found, defaulting to 'application'
2020-05-15 10:21:41.207 [main] WARN  com.netflix.config.sources.URLConfigurationSource - No URLs will be polled as dynamic configuration sources.
2020-05-15 10:21:41.215 [main] WARN  com.netflix.config.sources.URLConfigurationSource - No URLs will be polled as dynamic configuration sources.
2020-05-15 10:22:19.813 [main] WARN  c.a.cloud.nacos.client.NacosPropertySourceBuilder - Ignore the empty nacos configuration and get it based on dataId[null.properties] & group[DEFAULT_GROUP]
2020-05-15 10:22:21.989 [main] WARN  o.s.c.netflix.archaius.ArchaiusAutoConfiguration - No spring.application.name found, defaulting to 'application'
2020-05-15 10:22:21.995 [main] WARN  com.netflix.config.sources.URLConfigurationSource - No URLs will be polled as dynamic configuration sources.
2020-05-15 10:22:22.003 [main] WARN  com.netflix.config.sources.URLConfigurationSource - No URLs will be polled as dynamic configuration sources.
2020-05-15 10:23:31.299 [main] WARN  c.a.cloud.nacos.client.NacosPropertySourceBuilder - Ignore the empty nacos configuration and get it based on dataId[null.properties] & group[DEFAULT_GROUP]
2020-05-15 10:23:33.688 [main] WARN  o.s.c.netflix.archaius.ArchaiusAutoConfiguration - No spring.application.name found, defaulting to 'application'
2020-05-15 10:23:33.694 [main] WARN  com.netflix.config.sources.URLConfigurationSource - No URLs will be polled as dynamic configuration sources.
2020-05-15 10:23:33.719 [main] WARN  com.netflix.config.sources.URLConfigurationSource - No URLs will be polled as dynamic configuration sources.
2020-05-15 10:24:20.227 [main] WARN  c.a.cloud.nacos.client.NacosPropertySourceBuilder - Ignore the empty nacos configuration and get it based on dataId[null.properties] & group[DEFAULT_GROUP]
2020-05-15 10:24:22.310 [main] WARN  o.s.c.netflix.archaius.ArchaiusAutoConfiguration - No spring.application.name found, defaulting to 'application'
2020-05-15 10:24:22.315 [main] WARN  com.netflix.config.sources.URLConfigurationSource - No URLs will be polled as dynamic configuration sources.
2020-05-15 10:24:22.329 [main] WARN  com.netflix.config.sources.URLConfigurationSource - No URLs will be polled as dynamic configuration sources.
2020-05-15 10:36:41.628 [main] WARN  c.a.cloud.nacos.client.NacosPropertySourceBuilder - Ignore the empty nacos configuration and get it based on dataId[null.properties] & group[DEFAULT_GROUP]
2020-05-15 10:36:43.755 [main] WARN  o.s.w.context.support.GenericWebApplicationContext - Exception encountered during context initialization - cancelling refresh attempt: org.springframework.beans.factory.BeanCreationException: Error creating bean with name 'ioAcceptor' defined in class path resource [com/ccssoft/cloudmessagemachine/mina/config/MinaServerConfig.class]: Bean instantiation via factory method failed; nested exception is org.springframework.beans.BeanInstantiationException: Failed to instantiate [org.apache.mina.core.service.IoAcceptor]: Factory method 'ioAcceptor' threw exception; nested exception is java.io.IOException: Error while binding on 0.0.0.0/0.0.0.0:7020
original message : Address already in use
2020-05-15 10:37:43.355 [main] WARN  c.a.cloud.nacos.client.NacosPropertySourceBuilder - Ignore the empty nacos configuration and get it based on dataId[null.properties] & group[DEFAULT_GROUP]
2020-05-15 10:37:45.609 [main] WARN  o.s.c.netflix.archaius.ArchaiusAutoConfiguration - No spring.application.name found, defaulting to 'application'
2020-05-15 10:37:45.616 [main] WARN  com.netflix.config.sources.URLConfigurationSource - No URLs will be polled as dynamic configuration sources.
2020-05-15 10:37:45.629 [main] WARN  com.netflix.config.sources.URLConfigurationSource - No URLs will be polled as dynamic configuration sources.
2020-05-15 10:52:41.584 [main] WARN  c.a.cloud.nacos.client.NacosPropertySourceBuilder - Ignore the empty nacos configuration and get it based on dataId[null.properties] & group[DEFAULT_GROUP]
2020-05-15 10:52:43.894 [main] WARN  o.s.c.netflix.archaius.ArchaiusAutoConfiguration - No spring.application.name found, defaulting to 'application'
2020-05-15 10:52:43.904 [main] WARN  com.netflix.config.sources.URLConfigurationSource - No URLs will be polled as dynamic configuration sources.
2020-05-15 10:52:43.912 [main] WARN  com.netflix.config.sources.URLConfigurationSource - No URLs will be polled as dynamic configuration sources.
2020-05-15 11:00:38.380 [main] WARN  c.a.cloud.nacos.client.NacosPropertySourceBuilder - Ignore the empty nacos configuration and get it based on dataId[null.properties] & group[DEFAULT_GROUP]
2020-05-15 11:00:41.116 [main] WARN  o.s.c.netflix.archaius.ArchaiusAutoConfiguration - No spring.application.name found, defaulting to 'application'
2020-05-15 11:00:41.124 [main] WARN  com.netflix.config.sources.URLConfigurationSource - No URLs will be polled as dynamic configuration sources.
2020-05-15 11:00:41.139 [main] WARN  com.netflix.config.sources.URLConfigurationSource - No URLs will be polled as dynamic configuration sources.
