2020-05-15 09:52:21.697 [main] INFO  o.s.c.s.PostProcessorRegistrationDelegate$BeanPostProcessorChecker - Bean 'org.springframework.cloud.autoconfigure.ConfigurationPropertiesRebinderAutoConfiguration' of type [org.springframework.cloud.autoconfigure.ConfigurationPropertiesRebinderAutoConfiguration] is not eligible for getting processed by all BeanPostProcessors (for example: not eligible for auto-proxying)
2020-05-15 09:52:22.042 [main] INFO  c.a.n.client.config.impl.LocalConfigInfoProcessor - LOCAL_SNAPSHOT_PATH:/Users/lizhengyu/nacos/config
2020-05-15 09:52:22.118 [main] INFO  com.alibaba.nacos.client.config.impl.Limiter - limitTime:5.0
2020-05-15 09:52:22.212 [main] INFO  o.s.c.b.c.PropertySourceBootstrapConfiguration - Located property source: CompositePropertySource {name='NACOS', propertySources=[NacosPropertySource {name='null.properties,DEFAULT_GROUP'}]}
2020-05-15 09:52:22.240 [main] INFO  c.c.c.CloudMessagemachineApplicationTests - No active profile set, falling back to default profiles: default
2020-05-15 09:52:23.229 [main] INFO  o.s.d.r.config.RepositoryConfigurationDelegate - Multiple Spring Data modules found, entering strict repository configuration mode!
2020-05-15 09:52:23.234 [main] INFO  o.s.d.r.config.RepositoryConfigurationDelegate - Bootstrapping Spring Data Redis repositories in DEFAULT mode.
2020-05-15 09:52:23.281 [main] INFO  o.s.d.r.config.RepositoryConfigurationDelegate - Finished Spring Data repository scanning in 20ms. Found 0 Redis repository interfaces.
2020-05-15 09:52:23.700 [main] INFO  o.springframework.cloud.context.scope.GenericScope - BeanFactory id=46e7a28f-0c66-313e-a2f4-10703563cb1c
2020-05-15 09:52:24.075 [main] INFO  o.s.c.s.PostProcessorRegistrationDelegate$BeanPostProcessorChecker - Bean 'org.springframework.cloud.autoconfigure.ConfigurationPropertiesRebinderAutoConfiguration' of type [org.springframework.cloud.autoconfigure.ConfigurationPropertiesRebinderAutoConfiguration] is not eligible for getting processed by all BeanPostProcessors (for example: not eligible for auto-proxying)
2020-05-15 09:52:25.241 [main] INFO  com.netflix.config.sources.URLConfigurationSource - To enable URLs as dynamic configuration sources, define System property archaius.configurationSource.additionalUrls or make config.properties available on classpath.
2020-05-15 09:52:25.251 [main] INFO  com.netflix.config.sources.URLConfigurationSource - To enable URLs as dynamic configuration sources, define System property archaius.configurationSource.additionalUrls or make config.properties available on classpath.
2020-05-15 09:52:25.777 [main] INFO  o.s.scheduling.concurrent.ThreadPoolTaskExecutor - Initializing ExecutorService 'applicationTaskExecutor'
2020-05-15 09:52:26.222 [main] INFO  o.s.scheduling.concurrent.ThreadPoolTaskScheduler - Initializing ExecutorService 'taskScheduler'
2020-05-15 09:52:26.248 [main] INFO  com.alibaba.nacos.client.naming - initializer namespace from System Property :null
2020-05-15 09:52:26.249 [main] INFO  com.alibaba.nacos.client.naming - initializer namespace from System Environment :null
2020-05-15 09:52:26.254 [main] INFO  com.alibaba.nacos.client.naming - initializer namespace from System Property :null
2020-05-15 09:52:26.772 [main] INFO  c.c.c.CloudMessagemachineApplicationTests - Started CloudMessagemachineApplicationTests in 6.527 seconds (JVM running for 8.735)
2020-05-15 09:52:26.779 [main] INFO  com.alibaba.nacos.client.config.impl.ClientWorker - [fixed-localhost_8848] [subscribe] null.properties+DEFAULT_GROUP
2020-05-15 09:52:26.780 [main] INFO  com.alibaba.nacos.client.config.impl.CacheData - [fixed-localhost_8848] [add-listener] ok, tenant=, dataId=null.properties, group=DEFAULT_GROUP, cnt=1
2020-05-15 09:52:27.365 [main] INFO  io.lettuce.core.EpollProvider - Starting without optional epoll library
2020-05-15 09:52:27.367 [main] INFO  io.lettuce.core.KqueueProvider - Starting without optional kqueue library
2020-05-15 09:52:27.625 [SpringContextShutdownHook] INFO  o.s.scheduling.concurrent.ThreadPoolTaskScheduler - Shutting down ExecutorService 'taskScheduler'
2020-05-15 09:52:27.627 [SpringContextShutdownHook] INFO  o.s.scheduling.concurrent.ThreadPoolTaskExecutor - Shutting down ExecutorService 'applicationTaskExecutor'
2020-05-15 10:01:56.408 [main] INFO  o.s.c.s.PostProcessorRegistrationDelegate$BeanPostProcessorChecker - Bean 'org.springframework.cloud.autoconfigure.ConfigurationPropertiesRebinderAutoConfiguration' of type [org.springframework.cloud.autoconfigure.ConfigurationPropertiesRebinderAutoConfiguration] is not eligible for getting processed by all BeanPostProcessors (for example: not eligible for auto-proxying)
2020-05-15 10:01:56.737 [main] INFO  c.a.n.client.config.impl.LocalConfigInfoProcessor - LOCAL_SNAPSHOT_PATH:/Users/lizhengyu/nacos/config
2020-05-15 10:01:56.788 [main] INFO  com.alibaba.nacos.client.config.impl.Limiter - limitTime:5.0
2020-05-15 10:01:56.827 [main] INFO  o.s.c.b.c.PropertySourceBootstrapConfiguration - Located property source: CompositePropertySource {name='NACOS', propertySources=[NacosPropertySource {name='null.properties,DEFAULT_GROUP'}]}
2020-05-15 10:01:56.845 [main] INFO  c.c.c.CloudMessagemachineApplicationTests - No active profile set, falling back to default profiles: default
2020-05-15 10:01:57.639 [main] INFO  o.s.d.r.config.RepositoryConfigurationDelegate - Multiple Spring Data modules found, entering strict repository configuration mode!
2020-05-15 10:01:57.643 [main] INFO  o.s.d.r.config.RepositoryConfigurationDelegate - Bootstrapping Spring Data Redis repositories in DEFAULT mode.
2020-05-15 10:01:57.677 [main] INFO  o.s.d.r.config.RepositoryConfigurationDelegate - Finished Spring Data repository scanning in 19ms. Found 0 Redis repository interfaces.
2020-05-15 10:01:58.087 [main] INFO  o.springframework.cloud.context.scope.GenericScope - BeanFactory id=46e7a28f-0c66-313e-a2f4-10703563cb1c
2020-05-15 10:01:58.468 [main] INFO  o.s.c.s.PostProcessorRegistrationDelegate$BeanPostProcessorChecker - Bean 'org.springframework.cloud.autoconfigure.ConfigurationPropertiesRebinderAutoConfiguration' of type [org.springframework.cloud.autoconfigure.ConfigurationPropertiesRebinderAutoConfiguration] is not eligible for getting processed by all BeanPostProcessors (for example: not eligible for auto-proxying)
2020-05-15 10:01:59.366 [main] INFO  com.netflix.config.sources.URLConfigurationSource - To enable URLs as dynamic configuration sources, define System property archaius.configurationSource.additionalUrls or make config.properties available on classpath.
2020-05-15 10:01:59.375 [main] INFO  com.netflix.config.sources.URLConfigurationSource - To enable URLs as dynamic configuration sources, define System property archaius.configurationSource.additionalUrls or make config.properties available on classpath.
2020-05-15 10:01:59.859 [main] INFO  o.s.scheduling.concurrent.ThreadPoolTaskExecutor - Initializing ExecutorService 'applicationTaskExecutor'
2020-05-15 10:02:00.287 [main] INFO  o.s.scheduling.concurrent.ThreadPoolTaskScheduler - Initializing ExecutorService 'taskScheduler'
2020-05-15 10:02:00.304 [main] INFO  com.alibaba.nacos.client.naming - initializer namespace from System Property :null
2020-05-15 10:02:00.304 [main] INFO  com.alibaba.nacos.client.naming - initializer namespace from System Environment :null
2020-05-15 10:02:00.305 [main] INFO  com.alibaba.nacos.client.naming - initializer namespace from System Property :null
2020-05-15 10:02:00.783 [main] INFO  c.c.c.CloudMessagemachineApplicationTests - Started CloudMessagemachineApplicationTests in 5.539 seconds (JVM running for 7.749)
2020-05-15 10:02:00.788 [main] INFO  com.alibaba.nacos.client.config.impl.ClientWorker - [fixed-localhost_8848] [subscribe] null.properties+DEFAULT_GROUP
2020-05-15 10:02:00.789 [main] INFO  com.alibaba.nacos.client.config.impl.CacheData - [fixed-localhost_8848] [add-listener] ok, tenant=, dataId=null.properties, group=DEFAULT_GROUP, cnt=1
2020-05-15 10:02:01.297 [main] INFO  io.lettuce.core.EpollProvider - Starting without optional epoll library
2020-05-15 10:02:01.299 [main] INFO  io.lettuce.core.KqueueProvider - Starting without optional kqueue library
2020-05-15 10:03:01.541 [SpringContextShutdownHook] INFO  o.s.scheduling.concurrent.ThreadPoolTaskScheduler - Shutting down ExecutorService 'taskScheduler'
2020-05-15 10:03:01.544 [SpringContextShutdownHook] INFO  o.s.scheduling.concurrent.ThreadPoolTaskExecutor - Shutting down ExecutorService 'applicationTaskExecutor'
2020-05-15 10:08:09.036 [main] INFO  o.s.c.s.PostProcessorRegistrationDelegate$BeanPostProcessorChecker - Bean 'org.springframework.cloud.autoconfigure.ConfigurationPropertiesRebinderAutoConfiguration' of type [org.springframework.cloud.autoconfigure.ConfigurationPropertiesRebinderAutoConfiguration] is not eligible for getting processed by all BeanPostProcessors (for example: not eligible for auto-proxying)
2020-05-15 10:08:09.589 [main] INFO  c.a.n.client.config.impl.LocalConfigInfoProcessor - LOCAL_SNAPSHOT_PATH:/Users/lizhengyu/nacos/config
2020-05-15 10:08:09.705 [main] INFO  com.alibaba.nacos.client.config.impl.Limiter - limitTime:5.0
2020-05-15 10:08:09.799 [main] INFO  o.s.c.b.c.PropertySourceBootstrapConfiguration - Located property source: CompositePropertySource {name='NACOS', propertySources=[NacosPropertySource {name='null.properties,DEFAULT_GROUP'}]}
2020-05-15 10:08:09.875 [main] INFO  c.c.c.CloudMessagemachineApplicationTests - No active profile set, falling back to default profiles: default
2020-05-15 10:08:10.936 [main] INFO  o.s.d.r.config.RepositoryConfigurationDelegate - Multiple Spring Data modules found, entering strict repository configuration mode!
2020-05-15 10:08:10.941 [main] INFO  o.s.d.r.config.RepositoryConfigurationDelegate - Bootstrapping Spring Data Redis repositories in DEFAULT mode.
2020-05-15 10:08:10.984 [main] INFO  o.s.d.r.config.RepositoryConfigurationDelegate - Finished Spring Data repository scanning in 24ms. Found 0 Redis repository interfaces.
2020-05-15 10:08:11.346 [main] INFO  o.springframework.cloud.context.scope.GenericScope - BeanFactory id=46e7a28f-0c66-313e-a2f4-10703563cb1c
2020-05-15 10:08:11.669 [main] INFO  o.s.c.s.PostProcessorRegistrationDelegate$BeanPostProcessorChecker - Bean 'org.springframework.cloud.autoconfigure.ConfigurationPropertiesRebinderAutoConfiguration' of type [org.springframework.cloud.autoconfigure.ConfigurationPropertiesRebinderAutoConfiguration] is not eligible for getting processed by all BeanPostProcessors (for example: not eligible for auto-proxying)
2020-05-15 10:08:12.616 [main] INFO  com.netflix.config.sources.URLConfigurationSource - To enable URLs as dynamic configuration sources, define System property archaius.configurationSource.additionalUrls or make config.properties available on classpath.
2020-05-15 10:08:12.626 [main] INFO  com.netflix.config.sources.URLConfigurationSource - To enable URLs as dynamic configuration sources, define System property archaius.configurationSource.additionalUrls or make config.properties available on classpath.
2020-05-15 10:08:13.215 [main] INFO  o.s.scheduling.concurrent.ThreadPoolTaskExecutor - Initializing ExecutorService 'applicationTaskExecutor'
2020-05-15 10:08:13.642 [main] INFO  o.s.scheduling.concurrent.ThreadPoolTaskScheduler - Initializing ExecutorService 'taskScheduler'
2020-05-15 10:08:13.662 [main] INFO  com.alibaba.nacos.client.naming - initializer namespace from System Property :null
2020-05-15 10:08:13.663 [main] INFO  com.alibaba.nacos.client.naming - initializer namespace from System Environment :null
2020-05-15 10:08:13.663 [main] INFO  com.alibaba.nacos.client.naming - initializer namespace from System Property :null
2020-05-15 10:08:14.146 [main] INFO  c.c.c.CloudMessagemachineApplicationTests - Started CloudMessagemachineApplicationTests in 6.709 seconds (JVM running for 8.753)
2020-05-15 10:08:14.150 [main] INFO  com.alibaba.nacos.client.config.impl.ClientWorker - [fixed-localhost_8848] [subscribe] null.properties+DEFAULT_GROUP
2020-05-15 10:08:14.151 [main] INFO  com.alibaba.nacos.client.config.impl.CacheData - [fixed-localhost_8848] [add-listener] ok, tenant=, dataId=null.properties, group=DEFAULT_GROUP, cnt=1
2020-05-15 10:08:14.717 [main] INFO  io.lettuce.core.EpollProvider - Starting without optional epoll library
2020-05-15 10:08:14.719 [main] INFO  io.lettuce.core.KqueueProvider - Starting without optional kqueue library
2020-05-15 10:08:24.904 [SpringContextShutdownHook] INFO  o.s.scheduling.concurrent.ThreadPoolTaskScheduler - Shutting down ExecutorService 'taskScheduler'
2020-05-15 10:08:24.908 [SpringContextShutdownHook] INFO  o.s.scheduling.concurrent.ThreadPoolTaskExecutor - Shutting down ExecutorService 'applicationTaskExecutor'
2020-05-15 10:16:07.483 [main] INFO  o.s.c.s.PostProcessorRegistrationDelegate$BeanPostProcessorChecker - Bean 'org.springframework.cloud.autoconfigure.ConfigurationPropertiesRebinderAutoConfiguration' of type [org.springframework.cloud.autoconfigure.ConfigurationPropertiesRebinderAutoConfiguration] is not eligible for getting processed by all BeanPostProcessors (for example: not eligible for auto-proxying)
2020-05-15 10:16:07.927 [main] INFO  c.a.n.client.config.impl.LocalConfigInfoProcessor - LOCAL_SNAPSHOT_PATH:/Users/lizhengyu/nacos/config
2020-05-15 10:16:08.000 [main] INFO  com.alibaba.nacos.client.config.impl.Limiter - limitTime:5.0
2020-05-15 10:16:08.068 [main] INFO  o.s.c.b.c.PropertySourceBootstrapConfiguration - Located property source: CompositePropertySource {name='NACOS', propertySources=[NacosPropertySource {name='null.properties,DEFAULT_GROUP'}]}
2020-05-15 10:16:08.084 [main] INFO  c.c.c.CloudMessagemachineApplicationTests - No active profile set, falling back to default profiles: default
2020-05-15 10:16:09.465 [main] INFO  o.s.d.r.config.RepositoryConfigurationDelegate - Multiple Spring Data modules found, entering strict repository configuration mode!
2020-05-15 10:16:09.471 [main] INFO  o.s.d.r.config.RepositoryConfigurationDelegate - Bootstrapping Spring Data Redis repositories in DEFAULT mode.
2020-05-15 10:16:09.513 [main] INFO  o.s.d.r.config.RepositoryConfigurationDelegate - Finished Spring Data repository scanning in 23ms. Found 0 Redis repository interfaces.
2020-05-15 10:16:10.055 [main] INFO  o.springframework.cloud.context.scope.GenericScope - BeanFactory id=46e7a28f-0c66-313e-a2f4-10703563cb1c
2020-05-15 10:16:10.467 [main] INFO  o.s.c.s.PostProcessorRegistrationDelegate$BeanPostProcessorChecker - Bean 'org.springframework.cloud.autoconfigure.ConfigurationPropertiesRebinderAutoConfiguration' of type [org.springframework.cloud.autoconfigure.ConfigurationPropertiesRebinderAutoConfiguration] is not eligible for getting processed by all BeanPostProcessors (for example: not eligible for auto-proxying)
2020-05-15 10:16:11.852 [main] INFO  com.netflix.config.sources.URLConfigurationSource - To enable URLs as dynamic configuration sources, define System property archaius.configurationSource.additionalUrls or make config.properties available on classpath.
2020-05-15 10:16:11.862 [main] INFO  com.netflix.config.sources.URLConfigurationSource - To enable URLs as dynamic configuration sources, define System property archaius.configurationSource.additionalUrls or make config.properties available on classpath.
2020-05-15 10:16:12.832 [main] INFO  o.s.scheduling.concurrent.ThreadPoolTaskExecutor - Initializing ExecutorService 'applicationTaskExecutor'
2020-05-15 10:16:13.550 [main] INFO  o.s.scheduling.concurrent.ThreadPoolTaskScheduler - Initializing ExecutorService 'taskScheduler'
2020-05-15 10:16:13.643 [main] INFO  com.alibaba.nacos.client.naming - initializer namespace from System Property :null
2020-05-15 10:16:13.645 [main] INFO  com.alibaba.nacos.client.naming - initializer namespace from System Environment :null
2020-05-15 10:16:13.646 [main] INFO  com.alibaba.nacos.client.naming - initializer namespace from System Property :null
2020-05-15 10:16:14.772 [main] INFO  c.c.c.CloudMessagemachineApplicationTests - Started CloudMessagemachineApplicationTests in 9.031 seconds (JVM running for 10.911)
2020-05-15 10:16:14.778 [main] INFO  com.alibaba.nacos.client.config.impl.ClientWorker - [fixed-localhost_8848] [subscribe] null.properties+DEFAULT_GROUP
2020-05-15 10:16:14.779 [main] INFO  com.alibaba.nacos.client.config.impl.CacheData - [fixed-localhost_8848] [add-listener] ok, tenant=, dataId=null.properties, group=DEFAULT_GROUP, cnt=1
2020-05-15 10:16:15.542 [main] INFO  io.lettuce.core.EpollProvider - Starting without optional epoll library
2020-05-15 10:16:15.545 [main] INFO  io.lettuce.core.KqueueProvider - Starting without optional kqueue library
2020-05-15 10:16:22.936 [SpringContextShutdownHook] INFO  o.s.scheduling.concurrent.ThreadPoolTaskScheduler - Shutting down ExecutorService 'taskScheduler'
2020-05-15 10:16:22.939 [SpringContextShutdownHook] INFO  o.s.scheduling.concurrent.ThreadPoolTaskExecutor - Shutting down ExecutorService 'applicationTaskExecutor'
2020-05-15 10:16:32.927 [main] INFO  o.s.c.s.PostProcessorRegistrationDelegate$BeanPostProcessorChecker - Bean 'org.springframework.cloud.autoconfigure.ConfigurationPropertiesRebinderAutoConfiguration' of type [org.springframework.cloud.autoconfigure.ConfigurationPropertiesRebinderAutoConfiguration] is not eligible for getting processed by all BeanPostProcessors (for example: not eligible for auto-proxying)
2020-05-15 10:16:33.219 [main] INFO  c.a.n.client.config.impl.LocalConfigInfoProcessor - LOCAL_SNAPSHOT_PATH:/Users/lizhengyu/nacos/config
2020-05-15 10:16:33.269 [main] INFO  com.alibaba.nacos.client.config.impl.Limiter - limitTime:5.0
2020-05-15 10:16:33.324 [main] INFO  o.s.c.b.c.PropertySourceBootstrapConfiguration - Located property source: CompositePropertySource {name='NACOS', propertySources=[NacosPropertySource {name='null.properties,DEFAULT_GROUP'}]}
2020-05-15 10:16:33.346 [main] INFO  c.c.c.CloudMessagemachineApplicationTests - No active profile set, falling back to default profiles: default
2020-05-15 10:16:34.187 [main] INFO  o.s.d.r.config.RepositoryConfigurationDelegate - Multiple Spring Data modules found, entering strict repository configuration mode!
2020-05-15 10:16:34.191 [main] INFO  o.s.d.r.config.RepositoryConfigurationDelegate - Bootstrapping Spring Data Redis repositories in DEFAULT mode.
2020-05-15 10:16:34.228 [main] INFO  o.s.d.r.config.RepositoryConfigurationDelegate - Finished Spring Data repository scanning in 20ms. Found 0 Redis repository interfaces.
2020-05-15 10:16:34.594 [main] INFO  o.springframework.cloud.context.scope.GenericScope - BeanFactory id=46e7a28f-0c66-313e-a2f4-10703563cb1c
2020-05-15 10:16:34.899 [main] INFO  o.s.c.s.PostProcessorRegistrationDelegate$BeanPostProcessorChecker - Bean 'org.springframework.cloud.autoconfigure.ConfigurationPropertiesRebinderAutoConfiguration' of type [org.springframework.cloud.autoconfigure.ConfigurationPropertiesRebinderAutoConfiguration] is not eligible for getting processed by all BeanPostProcessors (for example: not eligible for auto-proxying)
2020-05-15 10:16:35.822 [main] INFO  com.netflix.config.sources.URLConfigurationSource - To enable URLs as dynamic configuration sources, define System property archaius.configurationSource.additionalUrls or make config.properties available on classpath.
2020-05-15 10:16:35.839 [main] INFO  com.netflix.config.sources.URLConfigurationSource - To enable URLs as dynamic configuration sources, define System property archaius.configurationSource.additionalUrls or make config.properties available on classpath.
2020-05-15 10:16:36.362 [main] INFO  o.s.scheduling.concurrent.ThreadPoolTaskExecutor - Initializing ExecutorService 'applicationTaskExecutor'
2020-05-15 10:16:36.783 [main] INFO  o.s.scheduling.concurrent.ThreadPoolTaskScheduler - Initializing ExecutorService 'taskScheduler'
2020-05-15 10:16:36.802 [main] INFO  com.alibaba.nacos.client.naming - initializer namespace from System Property :null
2020-05-15 10:16:36.803 [main] INFO  com.alibaba.nacos.client.naming - initializer namespace from System Environment :null
2020-05-15 10:16:36.803 [main] INFO  com.alibaba.nacos.client.naming - initializer namespace from System Property :null
2020-05-15 10:16:37.297 [main] INFO  c.c.c.CloudMessagemachineApplicationTests - Started CloudMessagemachineApplicationTests in 5.581 seconds (JVM running for 7.742)
2020-05-15 10:16:37.303 [main] INFO  com.alibaba.nacos.client.config.impl.ClientWorker - [fixed-localhost_8848] [subscribe] null.properties+DEFAULT_GROUP
2020-05-15 10:16:37.305 [main] INFO  com.alibaba.nacos.client.config.impl.CacheData - [fixed-localhost_8848] [add-listener] ok, tenant=, dataId=null.properties, group=DEFAULT_GROUP, cnt=1
2020-05-15 10:16:37.810 [main] INFO  io.lettuce.core.EpollProvider - Starting without optional epoll library
2020-05-15 10:16:37.812 [main] INFO  io.lettuce.core.KqueueProvider - Starting without optional kqueue library
2020-05-15 10:16:38.104 [SpringContextShutdownHook] INFO  o.s.scheduling.concurrent.ThreadPoolTaskScheduler - Shutting down ExecutorService 'taskScheduler'
2020-05-15 10:16:38.106 [SpringContextShutdownHook] INFO  o.s.scheduling.concurrent.ThreadPoolTaskExecutor - Shutting down ExecutorService 'applicationTaskExecutor'
2020-05-15 10:19:30.692 [main] INFO  o.s.c.s.PostProcessorRegistrationDelegate$BeanPostProcessorChecker - Bean 'org.springframework.cloud.autoconfigure.ConfigurationPropertiesRebinderAutoConfiguration' of type [org.springframework.cloud.autoconfigure.ConfigurationPropertiesRebinderAutoConfiguration] is not eligible for getting processed by all BeanPostProcessors (for example: not eligible for auto-proxying)
2020-05-15 10:19:31.107 [main] INFO  c.a.n.client.config.impl.LocalConfigInfoProcessor - LOCAL_SNAPSHOT_PATH:/Users/lizhengyu/nacos/config
2020-05-15 10:19:31.194 [main] INFO  com.alibaba.nacos.client.config.impl.Limiter - limitTime:5.0
2020-05-15 10:19:31.305 [main] INFO  o.s.c.b.c.PropertySourceBootstrapConfiguration - Located property source: CompositePropertySource {name='NACOS', propertySources=[NacosPropertySource {name='null.properties,DEFAULT_GROUP'}]}
2020-05-15 10:19:31.392 [main] INFO  c.c.c.CloudMessagemachineApplicationTests - No active profile set, falling back to default profiles: default
2020-05-15 10:19:32.211 [main] INFO  o.s.d.r.config.RepositoryConfigurationDelegate - Multiple Spring Data modules found, entering strict repository configuration mode!
2020-05-15 10:19:32.217 [main] INFO  o.s.d.r.config.RepositoryConfigurationDelegate - Bootstrapping Spring Data Redis repositories in DEFAULT mode.
2020-05-15 10:19:32.257 [main] INFO  o.s.d.r.config.RepositoryConfigurationDelegate - Finished Spring Data repository scanning in 24ms. Found 0 Redis repository interfaces.
2020-05-15 10:19:32.638 [main] INFO  o.springframework.cloud.context.scope.GenericScope - BeanFactory id=46e7a28f-0c66-313e-a2f4-10703563cb1c
2020-05-15 10:19:32.941 [main] INFO  o.s.c.s.PostProcessorRegistrationDelegate$BeanPostProcessorChecker - Bean 'org.springframework.cloud.autoconfigure.ConfigurationPropertiesRebinderAutoConfiguration' of type [org.springframework.cloud.autoconfigure.ConfigurationPropertiesRebinderAutoConfiguration] is not eligible for getting processed by all BeanPostProcessors (for example: not eligible for auto-proxying)
2020-05-15 10:19:33.730 [main] INFO  com.netflix.config.sources.URLConfigurationSource - To enable URLs as dynamic configuration sources, define System property archaius.configurationSource.additionalUrls or make config.properties available on classpath.
2020-05-15 10:19:33.738 [main] INFO  com.netflix.config.sources.URLConfigurationSource - To enable URLs as dynamic configuration sources, define System property archaius.configurationSource.additionalUrls or make config.properties available on classpath.
2020-05-15 10:19:34.321 [main] INFO  o.s.scheduling.concurrent.ThreadPoolTaskExecutor - Initializing ExecutorService 'applicationTaskExecutor'
2020-05-15 10:19:34.690 [main] INFO  o.s.scheduling.concurrent.ThreadPoolTaskScheduler - Initializing ExecutorService 'taskScheduler'
2020-05-15 10:19:34.707 [main] INFO  com.alibaba.nacos.client.naming - initializer namespace from System Property :null
2020-05-15 10:19:34.708 [main] INFO  com.alibaba.nacos.client.naming - initializer namespace from System Environment :null
2020-05-15 10:19:34.708 [main] INFO  com.alibaba.nacos.client.naming - initializer namespace from System Property :null
2020-05-15 10:19:35.188 [main] INFO  c.c.c.CloudMessagemachineApplicationTests - Started CloudMessagemachineApplicationTests in 6.224 seconds (JVM running for 7.957)
2020-05-15 10:19:35.192 [main] INFO  com.alibaba.nacos.client.config.impl.ClientWorker - [fixed-localhost_8848] [subscribe] null.properties+DEFAULT_GROUP
2020-05-15 10:19:35.194 [main] INFO  com.alibaba.nacos.client.config.impl.CacheData - [fixed-localhost_8848] [add-listener] ok, tenant=, dataId=null.properties, group=DEFAULT_GROUP, cnt=1
2020-05-15 10:19:35.700 [main] INFO  io.lettuce.core.EpollProvider - Starting without optional epoll library
2020-05-15 10:19:35.701 [main] INFO  io.lettuce.core.KqueueProvider - Starting without optional kqueue library
2020-05-15 10:19:35.982 [SpringContextShutdownHook] INFO  o.s.scheduling.concurrent.ThreadPoolTaskScheduler - Shutting down ExecutorService 'taskScheduler'
2020-05-15 10:19:35.984 [SpringContextShutdownHook] INFO  o.s.scheduling.concurrent.ThreadPoolTaskExecutor - Shutting down ExecutorService 'applicationTaskExecutor'
2020-05-15 10:20:25.519 [main] INFO  o.s.c.s.PostProcessorRegistrationDelegate$BeanPostProcessorChecker - Bean 'org.springframework.cloud.autoconfigure.ConfigurationPropertiesRebinderAutoConfiguration' of type [org.springframework.cloud.autoconfigure.ConfigurationPropertiesRebinderAutoConfiguration] is not eligible for getting processed by all BeanPostProcessors (for example: not eligible for auto-proxying)
2020-05-15 10:20:25.940 [main] INFO  c.a.n.client.config.impl.LocalConfigInfoProcessor - LOCAL_SNAPSHOT_PATH:/Users/lizhengyu/nacos/config
2020-05-15 10:20:26.009 [main] INFO  com.alibaba.nacos.client.config.impl.Limiter - limitTime:5.0
2020-05-15 10:20:26.055 [main] INFO  o.s.c.b.c.PropertySourceBootstrapConfiguration - Located property source: CompositePropertySource {name='NACOS', propertySources=[NacosPropertySource {name='null.properties,DEFAULT_GROUP'}]}
2020-05-15 10:20:26.075 [main] INFO  c.c.c.CloudMessagemachineApplicationTests - No active profile set, falling back to default profiles: default
2020-05-15 10:20:26.821 [main] INFO  o.s.d.r.config.RepositoryConfigurationDelegate - Multiple Spring Data modules found, entering strict repository configuration mode!
2020-05-15 10:20:26.825 [main] INFO  o.s.d.r.config.RepositoryConfigurationDelegate - Bootstrapping Spring Data Redis repositories in DEFAULT mode.
2020-05-15 10:20:26.860 [main] INFO  o.s.d.r.config.RepositoryConfigurationDelegate - Finished Spring Data repository scanning in 17ms. Found 0 Redis repository interfaces.
2020-05-15 10:20:27.179 [main] INFO  o.springframework.cloud.context.scope.GenericScope - BeanFactory id=46e7a28f-0c66-313e-a2f4-10703563cb1c
2020-05-15 10:20:27.443 [main] INFO  o.s.c.s.PostProcessorRegistrationDelegate$BeanPostProcessorChecker - Bean 'org.springframework.cloud.autoconfigure.ConfigurationPropertiesRebinderAutoConfiguration' of type [org.springframework.cloud.autoconfigure.ConfigurationPropertiesRebinderAutoConfiguration] is not eligible for getting processed by all BeanPostProcessors (for example: not eligible for auto-proxying)
2020-05-15 10:20:28.301 [main] INFO  com.netflix.config.sources.URLConfigurationSource - To enable URLs as dynamic configuration sources, define System property archaius.configurationSource.additionalUrls or make config.properties available on classpath.
2020-05-15 10:20:28.308 [main] INFO  com.netflix.config.sources.URLConfigurationSource - To enable URLs as dynamic configuration sources, define System property archaius.configurationSource.additionalUrls or make config.properties available on classpath.
2020-05-15 10:20:28.978 [main] INFO  o.s.scheduling.concurrent.ThreadPoolTaskExecutor - Initializing ExecutorService 'applicationTaskExecutor'
2020-05-15 10:20:29.388 [main] INFO  o.s.scheduling.concurrent.ThreadPoolTaskScheduler - Initializing ExecutorService 'taskScheduler'
2020-05-15 10:20:29.403 [main] INFO  com.alibaba.nacos.client.naming - initializer namespace from System Property :null
2020-05-15 10:20:29.404 [main] INFO  com.alibaba.nacos.client.naming - initializer namespace from System Environment :null
2020-05-15 10:20:29.404 [main] INFO  com.alibaba.nacos.client.naming - initializer namespace from System Property :null
2020-05-15 10:20:29.910 [main] INFO  c.c.c.CloudMessagemachineApplicationTests - Started CloudMessagemachineApplicationTests in 5.709 seconds (JVM running for 7.593)
2020-05-15 10:20:29.915 [main] INFO  com.alibaba.nacos.client.config.impl.ClientWorker - [fixed-localhost_8848] [subscribe] null.properties+DEFAULT_GROUP
2020-05-15 10:20:29.917 [main] INFO  com.alibaba.nacos.client.config.impl.CacheData - [fixed-localhost_8848] [add-listener] ok, tenant=, dataId=null.properties, group=DEFAULT_GROUP, cnt=1
2020-05-15 10:20:30.353 [main] INFO  io.lettuce.core.EpollProvider - Starting without optional epoll library
2020-05-15 10:20:30.355 [main] INFO  io.lettuce.core.KqueueProvider - Starting without optional kqueue library
2020-05-15 10:20:30.646 [SpringContextShutdownHook] INFO  o.s.scheduling.concurrent.ThreadPoolTaskScheduler - Shutting down ExecutorService 'taskScheduler'
2020-05-15 10:20:30.647 [SpringContextShutdownHook] INFO  o.s.scheduling.concurrent.ThreadPoolTaskExecutor - Shutting down ExecutorService 'applicationTaskExecutor'
2020-05-15 10:21:38.466 [main] INFO  o.s.c.s.PostProcessorRegistrationDelegate$BeanPostProcessorChecker - Bean 'org.springframework.cloud.autoconfigure.ConfigurationPropertiesRebinderAutoConfiguration' of type [org.springframework.cloud.autoconfigure.ConfigurationPropertiesRebinderAutoConfiguration] is not eligible for getting processed by all BeanPostProcessors (for example: not eligible for auto-proxying)
2020-05-15 10:21:38.864 [main] INFO  c.a.n.client.config.impl.LocalConfigInfoProcessor - LOCAL_SNAPSHOT_PATH:/Users/lizhengyu/nacos/config
2020-05-15 10:21:38.939 [main] INFO  com.alibaba.nacos.client.config.impl.Limiter - limitTime:5.0
2020-05-15 10:21:38.990 [main] INFO  o.s.c.b.c.PropertySourceBootstrapConfiguration - Located property source: CompositePropertySource {name='NACOS', propertySources=[NacosPropertySource {name='null.properties,DEFAULT_GROUP'}]}
2020-05-15 10:21:39.010 [main] INFO  c.c.c.CloudMessagemachineApplicationTests - No active profile set, falling back to default profiles: default
2020-05-15 10:21:39.844 [main] INFO  o.s.d.r.config.RepositoryConfigurationDelegate - Multiple Spring Data modules found, entering strict repository configuration mode!
2020-05-15 10:21:39.848 [main] INFO  o.s.d.r.config.RepositoryConfigurationDelegate - Bootstrapping Spring Data Redis repositories in DEFAULT mode.
2020-05-15 10:21:39.883 [main] INFO  o.s.d.r.config.RepositoryConfigurationDelegate - Finished Spring Data repository scanning in 20ms. Found 0 Redis repository interfaces.
2020-05-15 10:21:40.196 [main] INFO  o.springframework.cloud.context.scope.GenericScope - BeanFactory id=46e7a28f-0c66-313e-a2f4-10703563cb1c
2020-05-15 10:21:40.463 [main] INFO  o.s.c.s.PostProcessorRegistrationDelegate$BeanPostProcessorChecker - Bean 'org.springframework.cloud.autoconfigure.ConfigurationPropertiesRebinderAutoConfiguration' of type [org.springframework.cloud.autoconfigure.ConfigurationPropertiesRebinderAutoConfiguration] is not eligible for getting processed by all BeanPostProcessors (for example: not eligible for auto-proxying)
2020-05-15 10:21:41.208 [main] INFO  com.netflix.config.sources.URLConfigurationSource - To enable URLs as dynamic configuration sources, define System property archaius.configurationSource.additionalUrls or make config.properties available on classpath.
2020-05-15 10:21:41.216 [main] INFO  com.netflix.config.sources.URLConfigurationSource - To enable URLs as dynamic configuration sources, define System property archaius.configurationSource.additionalUrls or make config.properties available on classpath.
2020-05-15 10:21:41.735 [main] INFO  o.s.scheduling.concurrent.ThreadPoolTaskExecutor - Initializing ExecutorService 'applicationTaskExecutor'
2020-05-15 10:21:42.121 [main] INFO  o.s.scheduling.concurrent.ThreadPoolTaskScheduler - Initializing ExecutorService 'taskScheduler'
2020-05-15 10:21:42.140 [main] INFO  com.alibaba.nacos.client.naming - initializer namespace from System Property :null
2020-05-15 10:21:42.141 [main] INFO  com.alibaba.nacos.client.naming - initializer namespace from System Environment :null
2020-05-15 10:21:42.142 [main] INFO  com.alibaba.nacos.client.naming - initializer namespace from System Property :null
2020-05-15 10:21:42.597 [main] INFO  c.c.c.CloudMessagemachineApplicationTests - Started CloudMessagemachineApplicationTests in 5.649 seconds (JVM running for 7.356)
2020-05-15 10:21:42.601 [main] INFO  com.alibaba.nacos.client.config.impl.ClientWorker - [fixed-localhost_8848] [subscribe] null.properties+DEFAULT_GROUP
2020-05-15 10:21:42.602 [main] INFO  com.alibaba.nacos.client.config.impl.CacheData - [fixed-localhost_8848] [add-listener] ok, tenant=, dataId=null.properties, group=DEFAULT_GROUP, cnt=1
2020-05-15 10:21:43.042 [main] INFO  io.lettuce.core.EpollProvider - Starting without optional epoll library
2020-05-15 10:21:43.044 [main] INFO  io.lettuce.core.KqueueProvider - Starting without optional kqueue library
2020-05-15 10:21:43.310 [SpringContextShutdownHook] INFO  o.s.scheduling.concurrent.ThreadPoolTaskScheduler - Shutting down ExecutorService 'taskScheduler'
2020-05-15 10:21:43.313 [SpringContextShutdownHook] INFO  o.s.scheduling.concurrent.ThreadPoolTaskExecutor - Shutting down ExecutorService 'applicationTaskExecutor'
2020-05-15 10:22:19.322 [main] INFO  o.s.c.s.PostProcessorRegistrationDelegate$BeanPostProcessorChecker - Bean 'org.springframework.cloud.autoconfigure.ConfigurationPropertiesRebinderAutoConfiguration' of type [org.springframework.cloud.autoconfigure.ConfigurationPropertiesRebinderAutoConfiguration] is not eligible for getting processed by all BeanPostProcessors (for example: not eligible for auto-proxying)
2020-05-15 10:22:19.720 [main] INFO  c.a.n.client.config.impl.LocalConfigInfoProcessor - LOCAL_SNAPSHOT_PATH:/Users/lizhengyu/nacos/config
2020-05-15 10:22:19.771 [main] INFO  com.alibaba.nacos.client.config.impl.Limiter - limitTime:5.0
2020-05-15 10:22:19.815 [main] INFO  o.s.c.b.c.PropertySourceBootstrapConfiguration - Located property source: CompositePropertySource {name='NACOS', propertySources=[NacosPropertySource {name='null.properties,DEFAULT_GROUP'}]}
2020-05-15 10:22:19.832 [main] INFO  c.c.c.CloudMessagemachineApplicationTests - No active profile set, falling back to default profiles: default
2020-05-15 10:22:20.557 [main] INFO  o.s.d.r.config.RepositoryConfigurationDelegate - Multiple Spring Data modules found, entering strict repository configuration mode!
2020-05-15 10:22:20.560 [main] INFO  o.s.d.r.config.RepositoryConfigurationDelegate - Bootstrapping Spring Data Redis repositories in DEFAULT mode.
2020-05-15 10:22:20.598 [main] INFO  o.s.d.r.config.RepositoryConfigurationDelegate - Finished Spring Data repository scanning in 21ms. Found 0 Redis repository interfaces.
2020-05-15 10:22:20.877 [main] INFO  o.springframework.cloud.context.scope.GenericScope - BeanFactory id=46e7a28f-0c66-313e-a2f4-10703563cb1c
2020-05-15 10:22:21.184 [main] INFO  o.s.c.s.PostProcessorRegistrationDelegate$BeanPostProcessorChecker - Bean 'org.springframework.cloud.autoconfigure.ConfigurationPropertiesRebinderAutoConfiguration' of type [org.springframework.cloud.autoconfigure.ConfigurationPropertiesRebinderAutoConfiguration] is not eligible for getting processed by all BeanPostProcessors (for example: not eligible for auto-proxying)
2020-05-15 10:22:21.995 [main] INFO  com.netflix.config.sources.URLConfigurationSource - To enable URLs as dynamic configuration sources, define System property archaius.configurationSource.additionalUrls or make config.properties available on classpath.
2020-05-15 10:22:22.004 [main] INFO  com.netflix.config.sources.URLConfigurationSource - To enable URLs as dynamic configuration sources, define System property archaius.configurationSource.additionalUrls or make config.properties available on classpath.
2020-05-15 10:22:22.606 [main] INFO  o.s.scheduling.concurrent.ThreadPoolTaskExecutor - Initializing ExecutorService 'applicationTaskExecutor'
2020-05-15 10:22:22.986 [main] INFO  o.s.scheduling.concurrent.ThreadPoolTaskScheduler - Initializing ExecutorService 'taskScheduler'
2020-05-15 10:22:23.009 [main] INFO  com.alibaba.nacos.client.naming - initializer namespace from System Property :null
2020-05-15 10:22:23.009 [main] INFO  com.alibaba.nacos.client.naming - initializer namespace from System Environment :null
2020-05-15 10:22:23.010 [main] INFO  com.alibaba.nacos.client.naming - initializer namespace from System Property :null
2020-05-15 10:22:23.509 [main] INFO  c.c.c.CloudMessagemachineApplicationTests - Started CloudMessagemachineApplicationTests in 5.347 seconds (JVM running for 7.387)
2020-05-15 10:22:23.513 [main] INFO  com.alibaba.nacos.client.config.impl.ClientWorker - [fixed-localhost_8848] [subscribe] null.properties+DEFAULT_GROUP
2020-05-15 10:22:23.514 [main] INFO  com.alibaba.nacos.client.config.impl.CacheData - [fixed-localhost_8848] [add-listener] ok, tenant=, dataId=null.properties, group=DEFAULT_GROUP, cnt=1
2020-05-15 10:22:24.104 [main] INFO  io.lettuce.core.EpollProvider - Starting without optional epoll library
2020-05-15 10:22:24.105 [main] INFO  io.lettuce.core.KqueueProvider - Starting without optional kqueue library
2020-05-15 10:22:24.375 [SpringContextShutdownHook] INFO  o.s.scheduling.concurrent.ThreadPoolTaskScheduler - Shutting down ExecutorService 'taskScheduler'
2020-05-15 10:22:24.376 [SpringContextShutdownHook] INFO  o.s.scheduling.concurrent.ThreadPoolTaskExecutor - Shutting down ExecutorService 'applicationTaskExecutor'
2020-05-15 10:23:30.875 [main] INFO  o.s.c.s.PostProcessorRegistrationDelegate$BeanPostProcessorChecker - Bean 'org.springframework.cloud.autoconfigure.ConfigurationPropertiesRebinderAutoConfiguration' of type [org.springframework.cloud.autoconfigure.ConfigurationPropertiesRebinderAutoConfiguration] is not eligible for getting processed by all BeanPostProcessors (for example: not eligible for auto-proxying)
2020-05-15 10:23:31.212 [main] INFO  c.a.n.client.config.impl.LocalConfigInfoProcessor - LOCAL_SNAPSHOT_PATH:/Users/lizhengyu/nacos/config
2020-05-15 10:23:31.261 [main] INFO  com.alibaba.nacos.client.config.impl.Limiter - limitTime:5.0
2020-05-15 10:23:31.300 [main] INFO  o.s.c.b.c.PropertySourceBootstrapConfiguration - Located property source: CompositePropertySource {name='NACOS', propertySources=[NacosPropertySource {name='null.properties,DEFAULT_GROUP'}]}
2020-05-15 10:23:31.315 [main] INFO  c.c.c.CloudMessagemachineApplicationTests - No active profile set, falling back to default profiles: default
2020-05-15 10:23:32.133 [main] INFO  o.s.d.r.config.RepositoryConfigurationDelegate - Multiple Spring Data modules found, entering strict repository configuration mode!
2020-05-15 10:23:32.141 [main] INFO  o.s.d.r.config.RepositoryConfigurationDelegate - Bootstrapping Spring Data Redis repositories in DEFAULT mode.
2020-05-15 10:23:32.181 [main] INFO  o.s.d.r.config.RepositoryConfigurationDelegate - Finished Spring Data repository scanning in 19ms. Found 0 Redis repository interfaces.
2020-05-15 10:23:32.563 [main] INFO  o.springframework.cloud.context.scope.GenericScope - BeanFactory id=46e7a28f-0c66-313e-a2f4-10703563cb1c
2020-05-15 10:23:32.862 [main] INFO  o.s.c.s.PostProcessorRegistrationDelegate$BeanPostProcessorChecker - Bean 'org.springframework.cloud.autoconfigure.ConfigurationPropertiesRebinderAutoConfiguration' of type [org.springframework.cloud.autoconfigure.ConfigurationPropertiesRebinderAutoConfiguration] is not eligible for getting processed by all BeanPostProcessors (for example: not eligible for auto-proxying)
2020-05-15 10:23:33.695 [main] INFO  com.netflix.config.sources.URLConfigurationSource - To enable URLs as dynamic configuration sources, define System property archaius.configurationSource.additionalUrls or make config.properties available on classpath.
2020-05-15 10:23:33.719 [main] INFO  com.netflix.config.sources.URLConfigurationSource - To enable URLs as dynamic configuration sources, define System property archaius.configurationSource.additionalUrls or make config.properties available on classpath.
2020-05-15 10:23:34.211 [main] INFO  o.s.scheduling.concurrent.ThreadPoolTaskExecutor - Initializing ExecutorService 'applicationTaskExecutor'
2020-05-15 10:23:34.608 [main] INFO  o.s.scheduling.concurrent.ThreadPoolTaskScheduler - Initializing ExecutorService 'taskScheduler'
2020-05-15 10:23:34.625 [main] INFO  com.alibaba.nacos.client.naming - initializer namespace from System Property :null
2020-05-15 10:23:34.626 [main] INFO  com.alibaba.nacos.client.naming - initializer namespace from System Environment :null
2020-05-15 10:23:34.627 [main] INFO  com.alibaba.nacos.client.naming - initializer namespace from System Property :null
2020-05-15 10:23:35.129 [main] INFO  c.c.c.CloudMessagemachineApplicationTests - Started CloudMessagemachineApplicationTests in 5.398 seconds (JVM running for 7.59)
2020-05-15 10:23:35.135 [main] INFO  com.alibaba.nacos.client.config.impl.ClientWorker - [fixed-localhost_8848] [subscribe] null.properties+DEFAULT_GROUP
2020-05-15 10:23:35.136 [main] INFO  com.alibaba.nacos.client.config.impl.CacheData - [fixed-localhost_8848] [add-listener] ok, tenant=, dataId=null.properties, group=DEFAULT_GROUP, cnt=1
2020-05-15 10:23:35.598 [main] INFO  io.lettuce.core.EpollProvider - Starting without optional epoll library
2020-05-15 10:23:35.600 [main] INFO  io.lettuce.core.KqueueProvider - Starting without optional kqueue library
2020-05-15 10:23:35.844 [SpringContextShutdownHook] INFO  o.s.scheduling.concurrent.ThreadPoolTaskScheduler - Shutting down ExecutorService 'taskScheduler'
2020-05-15 10:23:35.845 [SpringContextShutdownHook] INFO  o.s.scheduling.concurrent.ThreadPoolTaskExecutor - Shutting down ExecutorService 'applicationTaskExecutor'
2020-05-15 10:24:19.811 [main] INFO  o.s.c.s.PostProcessorRegistrationDelegate$BeanPostProcessorChecker - Bean 'org.springframework.cloud.autoconfigure.ConfigurationPropertiesRebinderAutoConfiguration' of type [org.springframework.cloud.autoconfigure.ConfigurationPropertiesRebinderAutoConfiguration] is not eligible for getting processed by all BeanPostProcessors (for example: not eligible for auto-proxying)
2020-05-15 10:24:20.130 [main] INFO  c.a.n.client.config.impl.LocalConfigInfoProcessor - LOCAL_SNAPSHOT_PATH:/Users/lizhengyu/nacos/config
2020-05-15 10:24:20.177 [main] INFO  com.alibaba.nacos.client.config.impl.Limiter - limitTime:5.0
2020-05-15 10:24:20.228 [main] INFO  o.s.c.b.c.PropertySourceBootstrapConfiguration - Located property source: CompositePropertySource {name='NACOS', propertySources=[NacosPropertySource {name='null.properties,DEFAULT_GROUP'}]}
2020-05-15 10:24:20.247 [main] INFO  c.c.c.CloudMessagemachineApplicationTests - No active profile set, falling back to default profiles: default
2020-05-15 10:24:20.931 [main] INFO  o.s.d.r.config.RepositoryConfigurationDelegate - Multiple Spring Data modules found, entering strict repository configuration mode!
2020-05-15 10:24:20.935 [main] INFO  o.s.d.r.config.RepositoryConfigurationDelegate - Bootstrapping Spring Data Redis repositories in DEFAULT mode.
2020-05-15 10:24:20.968 [main] INFO  o.s.d.r.config.RepositoryConfigurationDelegate - Finished Spring Data repository scanning in 18ms. Found 0 Redis repository interfaces.
2020-05-15 10:24:21.277 [main] INFO  o.springframework.cloud.context.scope.GenericScope - BeanFactory id=46e7a28f-0c66-313e-a2f4-10703563cb1c
2020-05-15 10:24:21.543 [main] INFO  o.s.c.s.PostProcessorRegistrationDelegate$BeanPostProcessorChecker - Bean 'org.springframework.cloud.autoconfigure.ConfigurationPropertiesRebinderAutoConfiguration' of type [org.springframework.cloud.autoconfigure.ConfigurationPropertiesRebinderAutoConfiguration] is not eligible for getting processed by all BeanPostProcessors (for example: not eligible for auto-proxying)
2020-05-15 10:24:22.316 [main] INFO  com.netflix.config.sources.URLConfigurationSource - To enable URLs as dynamic configuration sources, define System property archaius.configurationSource.additionalUrls or make config.properties available on classpath.
2020-05-15 10:24:22.329 [main] INFO  com.netflix.config.sources.URLConfigurationSource - To enable URLs as dynamic configuration sources, define System property archaius.configurationSource.additionalUrls or make config.properties available on classpath.
2020-05-15 10:24:22.799 [main] INFO  o.s.scheduling.concurrent.ThreadPoolTaskExecutor - Initializing ExecutorService 'applicationTaskExecutor'
2020-05-15 10:24:23.193 [main] INFO  o.s.scheduling.concurrent.ThreadPoolTaskScheduler - Initializing ExecutorService 'taskScheduler'
2020-05-15 10:24:23.210 [main] INFO  com.alibaba.nacos.client.naming - initializer namespace from System Property :null
2020-05-15 10:24:23.210 [main] INFO  com.alibaba.nacos.client.naming - initializer namespace from System Environment :null
2020-05-15 10:24:23.211 [main] INFO  com.alibaba.nacos.client.naming - initializer namespace from System Property :null
2020-05-15 10:24:23.700 [main] INFO  c.c.c.CloudMessagemachineApplicationTests - Started CloudMessagemachineApplicationTests in 4.872 seconds (JVM running for 6.897)
2020-05-15 10:24:23.704 [main] INFO  com.alibaba.nacos.client.config.impl.ClientWorker - [fixed-localhost_8848] [subscribe] null.properties+DEFAULT_GROUP
2020-05-15 10:24:23.705 [main] INFO  com.alibaba.nacos.client.config.impl.CacheData - [fixed-localhost_8848] [add-listener] ok, tenant=, dataId=null.properties, group=DEFAULT_GROUP, cnt=1
2020-05-15 10:24:24.114 [main] INFO  io.lettuce.core.EpollProvider - Starting without optional epoll library
2020-05-15 10:24:24.116 [main] INFO  io.lettuce.core.KqueueProvider - Starting without optional kqueue library
2020-05-15 10:24:24.352 [SpringContextShutdownHook] INFO  o.s.scheduling.concurrent.ThreadPoolTaskScheduler - Shutting down ExecutorService 'taskScheduler'
2020-05-15 10:24:24.354 [SpringContextShutdownHook] INFO  o.s.scheduling.concurrent.ThreadPoolTaskExecutor - Shutting down ExecutorService 'applicationTaskExecutor'
2020-05-15 10:36:41.179 [main] INFO  o.s.c.s.PostProcessorRegistrationDelegate$BeanPostProcessorChecker - Bean 'org.springframework.cloud.autoconfigure.ConfigurationPropertiesRebinderAutoConfiguration' of type [org.springframework.cloud.autoconfigure.ConfigurationPropertiesRebinderAutoConfiguration] is not eligible for getting processed by all BeanPostProcessors (for example: not eligible for auto-proxying)
2020-05-15 10:36:41.525 [main] INFO  c.a.n.client.config.impl.LocalConfigInfoProcessor - LOCAL_SNAPSHOT_PATH:/Users/lizhengyu/nacos/config
2020-05-15 10:36:41.584 [main] INFO  com.alibaba.nacos.client.config.impl.Limiter - limitTime:5.0
2020-05-15 10:36:41.632 [main] INFO  o.s.c.b.c.PropertySourceBootstrapConfiguration - Located property source: CompositePropertySource {name='NACOS', propertySources=[NacosPropertySource {name='null.properties,DEFAULT_GROUP'}]}
2020-05-15 10:36:41.666 [main] INFO  c.c.c.CloudMessagemachineApplicationTests - No active profile set, falling back to default profiles: default
2020-05-15 10:36:42.436 [main] INFO  o.s.d.r.config.RepositoryConfigurationDelegate - Multiple Spring Data modules found, entering strict repository configuration mode!
2020-05-15 10:36:42.438 [main] INFO  o.s.d.r.config.RepositoryConfigurationDelegate - Bootstrapping Spring Data Redis repositories in DEFAULT mode.
2020-05-15 10:36:42.475 [main] INFO  o.s.d.r.config.RepositoryConfigurationDelegate - Finished Spring Data repository scanning in 20ms. Found 0 Redis repository interfaces.
2020-05-15 10:36:42.856 [main] INFO  o.springframework.cloud.context.scope.GenericScope - BeanFactory id=46e7a28f-0c66-313e-a2f4-10703563cb1c
2020-05-15 10:36:43.154 [main] INFO  o.s.c.s.PostProcessorRegistrationDelegate$BeanPostProcessorChecker - Bean 'org.springframework.cloud.autoconfigure.ConfigurationPropertiesRebinderAutoConfiguration' of type [org.springframework.cloud.autoconfigure.ConfigurationPropertiesRebinderAutoConfiguration] is not eligible for getting processed by all BeanPostProcessors (for example: not eligible for auto-proxying)
2020-05-15 10:36:43.778 [main] INFO  o.s.b.a.l.ConditionEvaluationReportLoggingListener - 

Error starting ApplicationContext. To display the conditions report re-run your application with 'debug' enabled.
2020-05-15 10:37:42.849 [main] INFO  o.s.c.s.PostProcessorRegistrationDelegate$BeanPostProcessorChecker - Bean 'org.springframework.cloud.autoconfigure.ConfigurationPropertiesRebinderAutoConfiguration' of type [org.springframework.cloud.autoconfigure.ConfigurationPropertiesRebinderAutoConfiguration] is not eligible for getting processed by all BeanPostProcessors (for example: not eligible for auto-proxying)
2020-05-15 10:37:43.250 [main] INFO  c.a.n.client.config.impl.LocalConfigInfoProcessor - LOCAL_SNAPSHOT_PATH:/Users/lizhengyu/nacos/config
2020-05-15 10:37:43.310 [main] INFO  com.alibaba.nacos.client.config.impl.Limiter - limitTime:5.0
2020-05-15 10:37:43.356 [main] INFO  o.s.c.b.c.PropertySourceBootstrapConfiguration - Located property source: CompositePropertySource {name='NACOS', propertySources=[NacosPropertySource {name='null.properties,DEFAULT_GROUP'}]}
2020-05-15 10:37:43.374 [main] INFO  c.c.c.CloudMessagemachineApplicationTests - No active profile set, falling back to default profiles: default
2020-05-15 10:37:44.115 [main] INFO  o.s.d.r.config.RepositoryConfigurationDelegate - Multiple Spring Data modules found, entering strict repository configuration mode!
2020-05-15 10:37:44.119 [main] INFO  o.s.d.r.config.RepositoryConfigurationDelegate - Bootstrapping Spring Data Redis repositories in DEFAULT mode.
2020-05-15 10:37:44.161 [main] INFO  o.s.d.r.config.RepositoryConfigurationDelegate - Finished Spring Data repository scanning in 22ms. Found 0 Redis repository interfaces.
2020-05-15 10:37:44.495 [main] INFO  o.springframework.cloud.context.scope.GenericScope - BeanFactory id=46e7a28f-0c66-313e-a2f4-10703563cb1c
2020-05-15 10:37:44.778 [main] INFO  o.s.c.s.PostProcessorRegistrationDelegate$BeanPostProcessorChecker - Bean 'org.springframework.cloud.autoconfigure.ConfigurationPropertiesRebinderAutoConfiguration' of type [org.springframework.cloud.autoconfigure.ConfigurationPropertiesRebinderAutoConfiguration] is not eligible for getting processed by all BeanPostProcessors (for example: not eligible for auto-proxying)
2020-05-15 10:37:45.618 [main] INFO  com.netflix.config.sources.URLConfigurationSource - To enable URLs as dynamic configuration sources, define System property archaius.configurationSource.additionalUrls or make config.properties available on classpath.
2020-05-15 10:37:45.633 [main] INFO  com.netflix.config.sources.URLConfigurationSource - To enable URLs as dynamic configuration sources, define System property archaius.configurationSource.additionalUrls or make config.properties available on classpath.
2020-05-15 10:37:46.256 [main] INFO  o.s.scheduling.concurrent.ThreadPoolTaskExecutor - Initializing ExecutorService 'applicationTaskExecutor'
2020-05-15 10:37:46.655 [main] INFO  o.s.scheduling.concurrent.ThreadPoolTaskScheduler - Initializing ExecutorService 'taskScheduler'
2020-05-15 10:37:46.673 [main] INFO  com.alibaba.nacos.client.naming - initializer namespace from System Property :null
2020-05-15 10:37:46.673 [main] INFO  com.alibaba.nacos.client.naming - initializer namespace from System Environment :null
2020-05-15 10:37:46.674 [main] INFO  com.alibaba.nacos.client.naming - initializer namespace from System Property :null
2020-05-15 10:37:47.139 [main] INFO  c.c.c.CloudMessagemachineApplicationTests - Started CloudMessagemachineApplicationTests in 5.491 seconds (JVM running for 7.591)
2020-05-15 10:37:47.142 [main] INFO  com.alibaba.nacos.client.config.impl.ClientWorker - [fixed-localhost_8848] [subscribe] null.properties+DEFAULT_GROUP
2020-05-15 10:37:47.143 [main] INFO  com.alibaba.nacos.client.config.impl.CacheData - [fixed-localhost_8848] [add-listener] ok, tenant=, dataId=null.properties, group=DEFAULT_GROUP, cnt=1
2020-05-15 10:37:47.628 [main] INFO  io.lettuce.core.EpollProvider - Starting without optional epoll library
2020-05-15 10:37:47.630 [main] INFO  io.lettuce.core.KqueueProvider - Starting without optional kqueue library
2020-05-15 10:37:47.876 [SpringContextShutdownHook] INFO  o.s.scheduling.concurrent.ThreadPoolTaskScheduler - Shutting down ExecutorService 'taskScheduler'
2020-05-15 10:37:47.877 [SpringContextShutdownHook] INFO  o.s.scheduling.concurrent.ThreadPoolTaskExecutor - Shutting down ExecutorService 'applicationTaskExecutor'
2020-05-15 10:52:41.132 [main] INFO  o.s.c.s.PostProcessorRegistrationDelegate$BeanPostProcessorChecker - Bean 'org.springframework.cloud.autoconfigure.ConfigurationPropertiesRebinderAutoConfiguration' of type [org.springframework.cloud.autoconfigure.ConfigurationPropertiesRebinderAutoConfiguration] is not eligible for getting processed by all BeanPostProcessors (for example: not eligible for auto-proxying)
2020-05-15 10:52:41.450 [main] INFO  c.a.n.client.config.impl.LocalConfigInfoProcessor - LOCAL_SNAPSHOT_PATH:/Users/lizhengyu/nacos/config
2020-05-15 10:52:41.532 [main] INFO  com.alibaba.nacos.client.config.impl.Limiter - limitTime:5.0
2020-05-15 10:52:41.586 [main] INFO  o.s.c.b.c.PropertySourceBootstrapConfiguration - Located property source: CompositePropertySource {name='NACOS', propertySources=[NacosPropertySource {name='null.properties,DEFAULT_GROUP'}]}
2020-05-15 10:52:41.603 [main] INFO  c.c.c.CloudMessagemachineApplicationTests - No active profile set, falling back to default profiles: default
2020-05-15 10:52:42.337 [main] INFO  o.s.d.r.config.RepositoryConfigurationDelegate - Multiple Spring Data modules found, entering strict repository configuration mode!
2020-05-15 10:52:42.340 [main] INFO  o.s.d.r.config.RepositoryConfigurationDelegate - Bootstrapping Spring Data Redis repositories in DEFAULT mode.
2020-05-15 10:52:42.372 [main] INFO  o.s.d.r.config.RepositoryConfigurationDelegate - Finished Spring Data repository scanning in 18ms. Found 0 Redis repository interfaces.
2020-05-15 10:52:42.760 [main] INFO  o.springframework.cloud.context.scope.GenericScope - BeanFactory id=46e7a28f-0c66-313e-a2f4-10703563cb1c
2020-05-15 10:52:43.072 [main] INFO  o.s.c.s.PostProcessorRegistrationDelegate$BeanPostProcessorChecker - Bean 'org.springframework.cloud.autoconfigure.ConfigurationPropertiesRebinderAutoConfiguration' of type [org.springframework.cloud.autoconfigure.ConfigurationPropertiesRebinderAutoConfiguration] is not eligible for getting processed by all BeanPostProcessors (for example: not eligible for auto-proxying)
2020-05-15 10:52:43.904 [main] INFO  com.netflix.config.sources.URLConfigurationSource - To enable URLs as dynamic configuration sources, define System property archaius.configurationSource.additionalUrls or make config.properties available on classpath.
2020-05-15 10:52:43.912 [main] INFO  com.netflix.config.sources.URLConfigurationSource - To enable URLs as dynamic configuration sources, define System property archaius.configurationSource.additionalUrls or make config.properties available on classpath.
2020-05-15 10:52:44.479 [main] INFO  o.s.scheduling.concurrent.ThreadPoolTaskExecutor - Initializing ExecutorService 'applicationTaskExecutor'
2020-05-15 10:52:44.842 [main] INFO  o.s.scheduling.concurrent.ThreadPoolTaskScheduler - Initializing ExecutorService 'taskScheduler'
2020-05-15 10:52:44.857 [main] INFO  com.alibaba.nacos.client.naming - initializer namespace from System Property :null
2020-05-15 10:52:44.857 [main] INFO  com.alibaba.nacos.client.naming - initializer namespace from System Environment :null
2020-05-15 10:52:44.858 [main] INFO  com.alibaba.nacos.client.naming - initializer namespace from System Property :null
2020-05-15 10:52:45.312 [main] INFO  c.c.c.CloudMessagemachineApplicationTests - Started CloudMessagemachineApplicationTests in 5.408 seconds (JVM running for 7.308)
2020-05-15 10:52:45.316 [main] INFO  com.alibaba.nacos.client.config.impl.ClientWorker - [fixed-localhost_8848] [subscribe] null.properties+DEFAULT_GROUP
2020-05-15 10:52:45.318 [main] INFO  com.alibaba.nacos.client.config.impl.CacheData - [fixed-localhost_8848] [add-listener] ok, tenant=, dataId=null.properties, group=DEFAULT_GROUP, cnt=1
2020-05-15 10:52:45.803 [main] INFO  io.lettuce.core.EpollProvider - Starting without optional epoll library
2020-05-15 10:52:45.806 [main] INFO  io.lettuce.core.KqueueProvider - Starting without optional kqueue library
2020-05-15 10:53:46.030 [SpringContextShutdownHook] INFO  o.s.scheduling.concurrent.ThreadPoolTaskScheduler - Shutting down ExecutorService 'taskScheduler'
2020-05-15 10:53:46.034 [SpringContextShutdownHook] INFO  o.s.scheduling.concurrent.ThreadPoolTaskExecutor - Shutting down ExecutorService 'applicationTaskExecutor'
2020-05-15 11:00:37.805 [main] INFO  o.s.c.s.PostProcessorRegistrationDelegate$BeanPostProcessorChecker - Bean 'org.springframework.cloud.autoconfigure.ConfigurationPropertiesRebinderAutoConfiguration' of type [org.springframework.cloud.autoconfigure.ConfigurationPropertiesRebinderAutoConfiguration] is not eligible for getting processed by all BeanPostProcessors (for example: not eligible for auto-proxying)
2020-05-15 11:00:38.265 [main] INFO  c.a.n.client.config.impl.LocalConfigInfoProcessor - LOCAL_SNAPSHOT_PATH:/Users/lizhengyu/nacos/config
2020-05-15 11:00:38.328 [main] INFO  com.alibaba.nacos.client.config.impl.Limiter - limitTime:5.0
2020-05-15 11:00:38.381 [main] INFO  o.s.c.b.c.PropertySourceBootstrapConfiguration - Located property source: CompositePropertySource {name='NACOS', propertySources=[NacosPropertySource {name='null.properties,DEFAULT_GROUP'}]}
2020-05-15 11:00:38.416 [main] INFO  c.c.c.CloudMessagemachineApplicationTests - No active profile set, falling back to default profiles: default
2020-05-15 11:00:39.319 [main] INFO  o.s.d.r.config.RepositoryConfigurationDelegate - Multiple Spring Data modules found, entering strict repository configuration mode!
2020-05-15 11:00:39.324 [main] INFO  o.s.d.r.config.RepositoryConfigurationDelegate - Bootstrapping Spring Data Redis repositories in DEFAULT mode.
2020-05-15 11:00:39.378 [main] INFO  o.s.d.r.config.RepositoryConfigurationDelegate - Finished Spring Data repository scanning in 29ms. Found 0 Redis repository interfaces.
2020-05-15 11:00:39.749 [main] INFO  o.springframework.cloud.context.scope.GenericScope - BeanFactory id=46e7a28f-0c66-313e-a2f4-10703563cb1c
2020-05-15 11:00:40.077 [main] INFO  o.s.c.s.PostProcessorRegistrationDelegate$BeanPostProcessorChecker - Bean 'org.springframework.cloud.autoconfigure.ConfigurationPropertiesRebinderAutoConfiguration' of type [org.springframework.cloud.autoconfigure.ConfigurationPropertiesRebinderAutoConfiguration] is not eligible for getting processed by all BeanPostProcessors (for example: not eligible for auto-proxying)
2020-05-15 11:00:41.124 [main] INFO  com.netflix.config.sources.URLConfigurationSource - To enable URLs as dynamic configuration sources, define System property archaius.configurationSource.additionalUrls or make config.properties available on classpath.
2020-05-15 11:00:41.140 [main] INFO  com.netflix.config.sources.URLConfigurationSource - To enable URLs as dynamic configuration sources, define System property archaius.configurationSource.additionalUrls or make config.properties available on classpath.
2020-05-15 11:00:41.808 [main] INFO  o.s.scheduling.concurrent.ThreadPoolTaskExecutor - Initializing ExecutorService 'applicationTaskExecutor'
2020-05-15 11:00:42.235 [main] INFO  o.s.scheduling.concurrent.ThreadPoolTaskScheduler - Initializing ExecutorService 'taskScheduler'
2020-05-15 11:00:42.255 [main] INFO  com.alibaba.nacos.client.naming - initializer namespace from System Property :null
2020-05-15 11:00:42.256 [main] INFO  com.alibaba.nacos.client.naming - initializer namespace from System Environment :null
2020-05-15 11:00:42.257 [main] INFO  com.alibaba.nacos.client.naming - initializer namespace from System Property :null
2020-05-15 11:00:42.749 [main] INFO  c.c.c.CloudMessagemachineApplicationTests - Started CloudMessagemachineApplicationTests in 6.722 seconds (JVM running for 8.721)
2020-05-15 11:00:42.756 [main] INFO  com.alibaba.nacos.client.config.impl.ClientWorker - [fixed-localhost_8848] [subscribe] null.properties+DEFAULT_GROUP
2020-05-15 11:00:42.757 [main] INFO  com.alibaba.nacos.client.config.impl.CacheData - [fixed-localhost_8848] [add-listener] ok, tenant=, dataId=null.properties, group=DEFAULT_GROUP, cnt=1
2020-05-15 11:00:43.278 [main] INFO  io.lettuce.core.EpollProvider - Starting without optional epoll library
2020-05-15 11:00:43.280 [main] INFO  io.lettuce.core.KqueueProvider - Starting without optional kqueue library
2020-05-15 11:00:43.623 [SpringContextShutdownHook] INFO  o.s.scheduling.concurrent.ThreadPoolTaskScheduler - Shutting down ExecutorService 'taskScheduler'
2020-05-15 11:00:43.632 [SpringContextShutdownHook] INFO  o.s.scheduling.concurrent.ThreadPoolTaskExecutor - Shutting down ExecutorService 'applicationTaskExecutor'
